#
# There is insufficient memory for the Java Runtime Environment to continue.
# Native memory allocation (malloc) failed to allocate 1365952 bytes. Error detail: Chunk::new
# Possible reasons:
#   The system is out of physical RAM or swap space
#   This process is running with CompressedOops enabled, and the Java Heap may be blocking the growth of the native heap
# Possible solutions:
#   Reduce memory load on the system
#   Increase physical memory or swap space
#   Check if swap backing store is full
#   Decrease Java heap size (-Xmx/-Xms)
#   Decrease number of Java threads
#   Decrease Java thread stack sizes (-Xss)
#   Set larger code cache with -XX:ReservedCodeCacheSize=
#   JVM is running with Unscaled Compressed Oops mode in which the Java heap is
#     placed in the first 4GB address space. The Java Heap base address is the
#     maximum limit for the native heap growth. Please use -XX:HeapBaseMinAddress
#     to set the Java Heap base and to place the Java Heap above 4GB virtual address.
# This output file may be truncated or incomplete.
#
#  Out of Memory Error (arena.cpp:168), pid=20588, tid=8280
#
# JRE version: OpenJDK Runtime Environment Temurin-21.0.10+7 (21.0.10+7) (build 21.0.10+7-LTS)
# Java VM: OpenJDK 64-Bit Server VM Temurin-21.0.10+7 (21.0.10+7-LTS, mixed mode, sharing, tiered, compressed oops, compressed class ptrs, parallel gc, windows-amd64)
# No core dump will be written. Minidumps are not enabled by default on client versions of Windows
#

---------------  S U M M A R Y ------------

Command Line: --add-modules=ALL-SYSTEM --add-opens=java.base/java.util=ALL-UNNAMED --add-opens=java.base/java.lang=ALL-UNNAMED --add-opens=java.base/sun.nio.fs=ALL-UNNAMED -Declipse.application=org.eclipse.jdt.ls.core.id1 -Dosgi.bundles.defaultStartLevel=4 -Declipse.product=org.eclipse.jdt.ls.core.product -Djava.import.generatesMetadataFilesAtProjectRoot=false -DDetectVMInstallationsJob.disabled=true -Dfile.encoding=utf8 -XX:+UseParallelGC -XX:GCTimeRatio=4 -XX:AdaptiveSizePolicyWeight=90 -Dsun.zip.disableMemoryMapping=true -Xmx2G -Xms100m -Xlog:disable -javaagent:c:\Users\Shivendra\.vscode\extensions\redhat.java-1.54.0-win32-x64\lombok\lombok-1.18.39-4050.jar -XX:+HeapDumpOnOutOfMemoryError -XX:HeapDumpPath=c:\Users\Shivendra\AppData\Roaming\Code\User\workspaceStorage\7b66995e8a3121a2161bbb066cf00d65\redhat.java -Daether.dependencyCollector.impl=bf c:\Users\Shivendra\.vscode\extensions\redhat.java-1.54.0-win32-x64\server\plugins\org.eclipse.equinox.launcher_1.7.100.v20251111-0406.jar -configuration c:\Users\Shivendra\AppData\Roaming\Code\User\globalStorage\redhat.java\1.54.0\config_win -data c:\Users\Shivendra\AppData\Roaming\Code\User\workspaceStorage\7b66995e8a3121a2161bbb066cf00d65\redhat.java\jdt_ws --pipe=\\.\pipe\lsp-aeed20c307beeb958d7bc531de14d725-sock

Host: 12th Gen Intel(R) Core(TM) i5-1235U, 12 cores, 15G,  Windows 11 , 64 bit Build 26100 (10.0.26100.8246)
Time: Thu Apr 30 01:56:21 2026 India Standard Time elapsed time: 24.622020 seconds (0d 0h 0m 24s)

---------------  T H R E A D  ---------------

Current thread (0x0000018aff3a4fa0):  JavaThread "C2 CompilerThread2" daemon [_thread_in_native, id=8280, stack(0x0000000102900000,0x0000000102a00000) (1024K)]


Current CompileTask:
C2:24622 9341   !   4       org.codehaus.plexus.interpolation.StringSearchInterpolator::interpolate (692 bytes)

Stack: [0x0000000102900000,0x0000000102a00000]
Native frames: (J=compiled Java code, j=interpreted, Vv=VM code, C=native code)
V  [jvm.dll+0x6d7a39]
V  [jvm.dll+0x8b4b26]
V  [jvm.dll+0x8b70de]
V  [jvm.dll+0x8b77c3]
V  [jvm.dll+0x284346]
V  [jvm.dll+0xc66ed]
V  [jvm.dll+0xc6c31]
V  [jvm.dll+0x3bec3b]
V  [jvm.dll+0x1e3f69]
V  [jvm.dll+0x24c6b3]
V  [jvm.dll+0x24bb40]
V  [jvm.dll+0x1cb34e]
V  [jvm.dll+0x25b85d]
V  [jvm.dll+0x259dea]
V  [jvm.dll+0x3f857e]
V  [jvm.dll+0x85f59d]
V  [jvm.dll+0x6d626d]
C  [ucrtbase.dll+0x37b0]
C  [KERNEL32.DLL+0x2e8d7]
C  [ntdll.dll+0x8c3fc]


---------------  P R O C E S S  ---------------

Threads class SMR info:
_java_thread_list=0x0000018ad9abf850, length=88, elements={
0x0000018af790be40, 0x0000018afd0ce630, 0x0000018aff0f7580, 0x0000018aff0fc380,
0x0000018aff0ffbf0, 0x0000018aff100650, 0x0000018aff0fd1d0, 0x0000018aff0fe010,
0x0000018aff173310, 0x0000018aff3847e0, 0x0000018aff417410, 0x0000018aff97dae0,
0x0000018affa8e9c0, 0x0000018ad80606a0, 0x0000018ad8061110, 0x0000018ad8248690,
0x0000018ad8682e70, 0x0000018aff2228c0, 0x0000018aff2207f0, 0x0000018aff222f50,
0x0000018aff220e80, 0x0000018aff221510, 0x0000018aff3a6410, 0x0000018aff3a4fa0,
0x0000018aff221ba0, 0x0000018aff222230, 0x0000018aff490920, 0x0000018aff490fb0,
0x0000018aff494ac0, 0x0000018aff491640, 0x0000018aff491cd0, 0x0000018aff4929f0,
0x0000018aff493080, 0x0000018aff4957e0, 0x0000018aff495150, 0x0000018aff492360,
0x0000018aff496500, 0x0000018aff493da0, 0x0000018aff495e70, 0x0000018aff496b90,
0x0000018aff493710, 0x0000018aff497220, 0x0000018aff494430, 0x0000018aff4978b0,
0x0000018aff497f40, 0x0000018ad9886450, 0x0000018ad9888bb0, 0x0000018ad9885dc0,
0x0000018ad9885730, 0x0000018ad98898d0, 0x0000018ad9887170, 0x0000018ad9889f60,
0x0000018ad9886ae0, 0x0000018ad988ac80, 0x0000018ad9889240, 0x0000018ad9887e90,
0x0000018ad988c6c0, 0x0000018ad988cd50, 0x0000018ad988a5f0, 0x0000018adfdcf4e0,
0x0000018adfdccd80, 0x0000018adfdcee50, 0x0000018adfdcd410, 0x0000018adfdce7c0,
0x0000018adfdcdaa0, 0x0000018adfdcc060, 0x0000018adfdce130, 0x0000018adfdcfb70,
0x0000018adfdcc6f0, 0x0000018adfdd3680, 0x0000018adfdd22d0, 0x0000018adfdd0200,
0x0000018adfdd2ff0, 0x0000018adfdd15b0, 0x0000018adfdd0890, 0x0000018adfdd0f20,
0x0000018ad89ddd40, 0x0000018ad89daf50, 0x0000018ad89db5e0, 0x0000018ad89dd020,
0x0000018ad89df0f0, 0x0000018ad89dea60, 0x0000018ad89e0b30, 0x0000018ad89df780,
0x0000018ad89dfe10, 0x0000018ad89e04a0, 0x0000018ad89dd6b0, 0x0000018ad89e1ee0
}

Java Threads: ( => current thread )
  0x0000018af790be40 JavaThread "main"                              [_thread_blocked, id=21444, stack(0x0000000100600000,0x0000000100700000) (1024K)]
  0x0000018afd0ce630 JavaThread "Reference Handler"          daemon [_thread_blocked, id=30556, stack(0x0000000100a00000,0x0000000100b00000) (1024K)]
  0x0000018aff0f7580 JavaThread "Finalizer"                  daemon [_thread_blocked, id=22280, stack(0x0000000100b00000,0x0000000100c00000) (1024K)]
  0x0000018aff0fc380 JavaThread "Signal Dispatcher"          daemon [_thread_blocked, id=30796, stack(0x0000000100c00000,0x0000000100d00000) (1024K)]
  0x0000018aff0ffbf0 JavaThread "Attach Listener"            daemon [_thread_blocked, id=21300, stack(0x0000000100d00000,0x0000000100e00000) (1024K)]
  0x0000018aff100650 JavaThread "Service Thread"             daemon [_thread_blocked, id=18396, stack(0x0000000100e00000,0x0000000100f00000) (1024K)]
  0x0000018aff0fd1d0 JavaThread "Monitor Deflation Thread"   daemon [_thread_blocked, id=6920, stack(0x0000000100f00000,0x0000000101000000) (1024K)]
  0x0000018aff0fe010 JavaThread "C2 CompilerThread0"         daemon [_thread_in_native, id=24736, stack(0x0000000101000000,0x0000000101100000) (1024K)]
  0x0000018aff173310 JavaThread "C1 CompilerThread0"         daemon [_thread_blocked, id=30580, stack(0x0000000101100000,0x0000000101200000) (1024K)]
  0x0000018aff3847e0 JavaThread "Common-Cleaner"             daemon [_thread_blocked, id=16164, stack(0x0000000101300000,0x0000000101400000) (1024K)]
  0x0000018aff417410 JavaThread "Notification Thread"        daemon [_thread_blocked, id=20920, stack(0x0000000101200000,0x0000000101300000) (1024K)]
  0x0000018aff97dae0 JavaThread "Active Thread: Equinox Container: b6abf840-6451-4be8-b16f-78c09f4abdda"        [_thread_blocked, id=29724, stack(0x0000000101c00000,0x0000000101d00000) (1024K)]
  0x0000018affa8e9c0 JavaThread "Refresh Thread: Equinox Container: b6abf840-6451-4be8-b16f-78c09f4abdda" daemon [_thread_blocked, id=3160, stack(0x0000000101d00000,0x0000000101e00000) (1024K)]
  0x0000018ad80606a0 JavaThread "Framework Event Dispatcher: Equinox Container: b6abf840-6451-4be8-b16f-78c09f4abdda" daemon [_thread_blocked, id=25360, stack(0x0000000101e00000,0x0000000101f00000) (1024K)]
  0x0000018ad8061110 JavaThread "Start Level: Equinox Container: b6abf840-6451-4be8-b16f-78c09f4abdda" daemon [_thread_blocked, id=5408, stack(0x0000000101400000,0x0000000101500000) (1024K)]
  0x0000018ad8248690 JavaThread "Bundle File Closer"         daemon [_thread_blocked, id=20284, stack(0x0000000102300000,0x0000000102400000) (1024K)]
  0x0000018ad8682e70 JavaThread "SCR Component Actor"        daemon [_thread_blocked, id=32468, stack(0x0000000101f00000,0x0000000102000000) (1024K)]
  0x0000018aff2228c0 JavaThread "Worker-JM"                         [_thread_blocked, id=33128, stack(0x0000000102500000,0x0000000102600000) (1024K)]
  0x0000018aff2207f0 JavaThread "JNA Cleaner"                daemon [_thread_blocked, id=8568, stack(0x0000000102000000,0x0000000102100000) (1024K)]
  0x0000018aff222f50 JavaThread "Worker-0"                          [_thread_blocked, id=10764, stack(0x0000000102400000,0x0000000102500000) (1024K)]
  0x0000018aff220e80 JavaThread "Worker-1: Building"                [_thread_in_native, id=15852, stack(0x0000000102600000,0x0000000102700000) (1024K)]
  0x0000018aff221510 JavaThread "Worker-2"                          [_thread_blocked, id=22372, stack(0x0000000102700000,0x0000000102800000) (1024K)]
  0x0000018aff3a6410 JavaThread "C2 CompilerThread1"         daemon [_thread_in_native, id=16304, stack(0x0000000102800000,0x0000000102900000) (1024K)]
=>0x0000018aff3a4fa0 JavaThread "C2 CompilerThread2"         daemon [_thread_in_native, id=8280, stack(0x0000000102900000,0x0000000102a00000) (1024K)]
  0x0000018aff221ba0 JavaThread "Java indexing"              daemon [_thread_blocked, id=27884, stack(0x0000000102a00000,0x0000000102b00000) (1024K)]
  0x0000018aff222230 JavaThread "Worker-3"                          [_thread_blocked, id=32776, stack(0x0000000102b00000,0x0000000102c00000) (1024K)]
  0x0000018aff490920 JavaThread "Worker-4"                          [_thread_blocked, id=33292, stack(0x0000000102c00000,0x0000000102d00000) (1024K)]
  0x0000018aff490fb0 JavaThread "Worker-5"                          [_thread_blocked, id=27428, stack(0x0000000102f00000,0x0000000103000000) (1024K)]
  0x0000018aff494ac0 JavaThread "Thread-1"                   daemon [_thread_in_native, id=33344, stack(0x0000000103000000,0x0000000103100000) (1024K)]
  0x0000018aff491640 JavaThread "Thread-2"                   daemon [_thread_in_native, id=10612, stack(0x0000000103100000,0x0000000103200000) (1024K)]
  0x0000018aff491cd0 JavaThread "Thread-3"                   daemon [_thread_in_native, id=3732, stack(0x0000000103200000,0x0000000103300000) (1024K)]
  0x0000018aff4929f0 JavaThread "Thread-4"                   daemon [_thread_in_native, id=28960, stack(0x0000000103300000,0x0000000103400000) (1024K)]
  0x0000018aff493080 JavaThread "Thread-5"                   daemon [_thread_in_native, id=22744, stack(0x0000000103400000,0x0000000103500000) (1024K)]
  0x0000018aff4957e0 JavaThread "Thread-6"                   daemon [_thread_in_native, id=29560, stack(0x0000000103500000,0x0000000103600000) (1024K)]
  0x0000018aff495150 JavaThread "Thread-7"                   daemon [_thread_in_native, id=24216, stack(0x0000000103600000,0x0000000103700000) (1024K)]
  0x0000018aff492360 JavaThread "Thread-8"                   daemon [_thread_in_native, id=7604, stack(0x0000000103700000,0x0000000103800000) (1024K)]
  0x0000018aff496500 JavaThread "Thread-9"                   daemon [_thread_in_native, id=7100, stack(0x0000000103800000,0x0000000103900000) (1024K)]
  0x0000018aff493da0 JavaThread "Thread-10"                  daemon [_thread_in_native, id=17476, stack(0x0000000103900000,0x0000000103a00000) (1024K)]
  0x0000018aff495e70 JavaThread "Thread-11"                  daemon [_thread_in_native, id=14528, stack(0x0000000103a00000,0x0000000103b00000) (1024K)]
  0x0000018aff496b90 JavaThread "Thread-12"                  daemon [_thread_in_native, id=30024, stack(0x0000000103b00000,0x0000000103c00000) (1024K)]
  0x0000018aff493710 JavaThread "Thread-13"                  daemon [_thread_in_native, id=22636, stack(0x0000000103c00000,0x0000000103d00000) (1024K)]
  0x0000018aff497220 JavaThread "pool-2-thread-1"                   [_thread_blocked, id=26352, stack(0x0000000103d00000,0x0000000103e00000) (1024K)]
  0x0000018aff494430 JavaThread "ForkJoinPool.commonPool-worker-1" daemon [_thread_blocked, id=21392, stack(0x0000000103e00000,0x0000000103f00000) (1024K)]
  0x0000018aff4978b0 JavaThread "ForkJoinPool.commonPool-worker-2" daemon [_thread_blocked, id=22076, stack(0x0000000103f00000,0x0000000104000000) (1024K)]
  0x0000018aff497f40 JavaThread "ForkJoinPool.commonPool-worker-3" daemon [_thread_blocked, id=32024, stack(0x0000000104000000,0x0000000104100000) (1024K)]
  0x0000018ad9886450 JavaThread "ForkJoinPool.commonPool-worker-4" daemon [_thread_blocked, id=33496, stack(0x0000000104100000,0x0000000104200000) (1024K)]
  0x0000018ad9888bb0 JavaThread "ForkJoinPool.commonPool-worker-5" daemon [_thread_blocked, id=12688, stack(0x0000000104200000,0x0000000104300000) (1024K)]
  0x0000018ad9885dc0 JavaThread "ForkJoinPool.commonPool-worker-6" daemon [_thread_blocked, id=28580, stack(0x0000000104300000,0x0000000104400000) (1024K)]
  0x0000018ad9885730 JavaThread "ForkJoinPool.commonPool-worker-7" daemon [_thread_blocked, id=30736, stack(0x0000000104400000,0x0000000104500000) (1024K)]
  0x0000018ad98898d0 JavaThread "ForkJoinPool.commonPool-worker-8" daemon [_thread_blocked, id=23052, stack(0x0000000104500000,0x0000000104600000) (1024K)]
  0x0000018ad9887170 JavaThread "ForkJoinPool.commonPool-worker-9" daemon [_thread_blocked, id=20092, stack(0x0000000104600000,0x0000000104700000) (1024K)]
  0x0000018ad9889f60 JavaThread "ForkJoinPool.commonPool-worker-10" daemon [_thread_blocked, id=11232, stack(0x0000000104700000,0x0000000104800000) (1024K)]
  0x0000018ad9886ae0 JavaThread "ForkJoinPool.commonPool-worker-11" daemon [_thread_blocked, id=6272, stack(0x0000000104800000,0x0000000104900000) (1024K)]
  0x0000018ad988ac80 JavaThread "WorkspaceEventsHandler"            [_thread_blocked, id=31648, stack(0x0000000104900000,0x0000000104a00000) (1024K)]
  0x0000018ad9889240 JavaThread "pool-1-thread-1"                   [_thread_blocked, id=17320, stack(0x0000000104a00000,0x0000000104b00000) (1024K)]
  0x0000018ad9887e90 JavaThread "Worker-6"                          [_thread_blocked, id=19208, stack(0x0000000104b00000,0x0000000104c00000) (1024K)]
  0x0000018ad988c6c0 JavaThread "LocalFile Deleter"          daemon [_thread_blocked, id=7384, stack(0x0000000104c00000,0x0000000104d00000) (1024K)]
  0x0000018ad988cd50 JavaThread "LocalFile Deleter"          daemon [_thread_blocked, id=7376, stack(0x0000000104d00000,0x0000000104e00000) (1024K)]
  0x0000018ad988a5f0 JavaThread "LocalFile Deleter"          daemon [_thread_blocked, id=21812, stack(0x0000000104e00000,0x0000000104f00000) (1024K)]
  0x0000018adfdcf4e0 JavaThread "LocalFile Deleter"          daemon [_thread_blocked, id=25828, stack(0x0000000104f00000,0x0000000105000000) (1024K)]
  0x0000018adfdccd80 JavaThread "LocalFile Deleter"          daemon [_thread_blocked, id=19624, stack(0x0000000105000000,0x0000000105100000) (1024K)]
  0x0000018adfdcee50 JavaThread "LocalFile Deleter"          daemon [_thread_blocked, id=11472, stack(0x0000000105100000,0x0000000105200000) (1024K)]
  0x0000018adfdcd410 JavaThread "LocalFile Deleter"          daemon [_thread_blocked, id=33048, stack(0x0000000105200000,0x0000000105300000) (1024K)]
  0x0000018adfdce7c0 JavaThread "LocalFile Deleter"          daemon [_thread_blocked, id=10568, stack(0x0000000105300000,0x0000000105400000) (1024K)]
  0x0000018adfdcdaa0 JavaThread "LocalFile Deleter"          daemon [_thread_blocked, id=22888, stack(0x0000000105400000,0x0000000105500000) (1024K)]
  0x0000018adfdcc060 JavaThread "LocalFile Deleter"          daemon [_thread_blocked, id=20764, stack(0x0000000105500000,0x0000000105600000) (1024K)]
  0x0000018adfdce130 JavaThread "LocalFile Deleter"          daemon [_thread_blocked, id=21468, stack(0x0000000105600000,0x0000000105700000) (1024K)]
  0x0000018adfdcfb70 JavaThread "LocalFile Deleter"          daemon [_thread_blocked, id=33340, stack(0x0000000105700000,0x0000000105800000) (1024K)]
  0x0000018adfdcc6f0 JavaThread "Compiler Source File Reader" daemon [_thread_blocked, id=18188, stack(0x0000000105800000,0x0000000105900000) (1024K)]
  0x0000018adfdd3680 JavaThread "Compiler Source File Reader" daemon [_thread_blocked, id=3120, stack(0x0000000105900000,0x0000000105a00000) (1024K)]
  0x0000018adfdd22d0 JavaThread "Compiler Source File Reader" daemon [_thread_blocked, id=11080, stack(0x0000000105a00000,0x0000000105b00000) (1024K)]
  0x0000018adfdd0200 JavaThread "Compiler Source File Reader" daemon [_thread_blocked, id=29228, stack(0x0000000105b00000,0x0000000105c00000) (1024K)]
  0x0000018adfdd2ff0 JavaThread "Compiler Source File Reader" daemon [_thread_blocked, id=17200, stack(0x0000000105c00000,0x0000000105d00000) (1024K)]
  0x0000018adfdd15b0 JavaThread "Compiler Source File Reader" daemon [_thread_blocked, id=8720, stack(0x0000000105d00000,0x0000000105e00000) (1024K)]
  0x0000018adfdd0890 JavaThread "Compiler Source File Reader" daemon [_thread_blocked, id=8804, stack(0x0000000105e00000,0x0000000105f00000) (1024K)]
  0x0000018adfdd0f20 JavaThread "Compiler Source File Reader" daemon [_thread_blocked, id=2412, stack(0x0000000105f00000,0x0000000106000000) (1024K)]
  0x0000018ad89ddd40 JavaThread "Compiler Processing Task"   daemon [_thread_blocked, id=13376, stack(0x0000000106000000,0x0000000106100000) (1024K)]
  0x0000018ad89daf50 JavaThread "Compiler Class File Writer" daemon [_thread_blocked, id=18852, stack(0x0000000106100000,0x0000000106200000) (1024K)]
  0x0000018ad89db5e0 JavaThread "Compiler Class File Writer" daemon [_thread_blocked, id=12436, stack(0x0000000106200000,0x0000000106300000) (1024K)]
  0x0000018ad89dd020 JavaThread "Compiler Class File Writer" daemon [_thread_blocked, id=33168, stack(0x0000000106300000,0x0000000106400000) (1024K)]
  0x0000018ad89df0f0 JavaThread "Compiler Class File Writer" daemon [_thread_blocked, id=29888, stack(0x0000000106400000,0x0000000106500000) (1024K)]
  0x0000018ad89dea60 JavaThread "Compiler Class File Writer" daemon [_thread_blocked, id=2068, stack(0x0000000106500000,0x0000000106600000) (1024K)]
  0x0000018ad89e0b30 JavaThread "Compiler Class File Writer" daemon [_thread_blocked, id=28148, stack(0x0000000106600000,0x0000000106700000) (1024K)]
  0x0000018ad89df780 JavaThread "Compiler Class File Writer" daemon [_thread_blocked, id=20380, stack(0x0000000106700000,0x0000000106800000) (1024K)]
  0x0000018ad89dfe10 JavaThread "Compiler Class File Writer" daemon [_thread_blocked, id=32584, stack(0x0000000106800000,0x0000000106900000) (1024K)]
  0x0000018ad89e04a0 JavaThread "Compiler Class File Writer" daemon [_thread_blocked, id=29508, stack(0x0000000106900000,0x0000000106a00000) (1024K)]
  0x0000018ad89dd6b0 JavaThread "Compiler Source File Reader" daemon [_thread_blocked, id=24380, stack(0x0000000106a00000,0x0000000106b00000) (1024K)]
  0x0000018ad89e1ee0 JavaThread "Compiler Class File Writer" daemon [_thread_blocked, id=7148, stack(0x0000000106b00000,0x0000000106c00000) (1024K)]
Total: 88

Other Threads:
  0x0000018afd0b4140 VMThread "VM Thread"                           [id=26508, stack(0x0000000100900000,0x0000000100a00000) (1024K)]
  0x0000018afcfacb30 WatcherThread "VM Periodic Task Thread"        [id=23144, stack(0x0000000100800000,0x0000000100900000) (1024K)]
  0x0000018af792b1d0 WorkerThread "GC Thread#0"                     [id=32044, stack(0x0000000100700000,0x0000000100800000) (1024K)]
  0x0000018affce2740 WorkerThread "GC Thread#1"                     [id=24416, stack(0x0000000101500000,0x0000000101600000) (1024K)]
  0x0000018ad8032250 WorkerThread "GC Thread#2"                     [id=28840, stack(0x0000000101600000,0x0000000101700000) (1024K)]
  0x0000018ad8032600 WorkerThread "GC Thread#3"                     [id=14564, stack(0x0000000101700000,0x0000000101800000) (1024K)]
  0x0000018aff9bc930 WorkerThread "GC Thread#4"                     [id=7396, stack(0x0000000101800000,0x0000000101900000) (1024K)]
  0x0000018aff9bcce0 WorkerThread "GC Thread#5"                     [id=31200, stack(0x0000000101900000,0x0000000101a00000) (1024K)]
  0x0000018affc258e0 WorkerThread "GC Thread#6"                     [id=14964, stack(0x0000000101a00000,0x0000000101b00000) (1024K)]
  0x0000018affa8de50 WorkerThread "GC Thread#7"                     [id=16276, stack(0x0000000101b00000,0x0000000101c00000) (1024K)]
  0x0000018ad85553e0 WorkerThread "GC Thread#8"                     [id=25780, stack(0x0000000102100000,0x0000000102200000) (1024K)]
  0x0000018ad8555790 WorkerThread "GC Thread#9"                     [id=20780, stack(0x0000000102200000,0x0000000102300000) (1024K)]
Total: 12

Threads with active compile tasks:
C2 CompilerThread0  24695 9430       4       java.lang.invoke.MethodType::makeImpl (109 bytes)
C2 CompilerThread1  24695 8378       4       org.eclipse.jdt.internal.compiler.lookup.LookupEnvironment::getTypeFromTypeSignature (770 bytes)
C2 CompilerThread2  24695 9341   !   4       org.codehaus.plexus.interpolation.StringSearchInterpolator::interpolate (692 bytes)
Total: 3

VM state: not at safepoint (normal execution)

VM Mutex/Monitor currently owned by a thread: None

Heap address: 0x0000000080000000, size: 2048 MB, Compressed Oops mode: 32-bit

CDS archive(s) mapped at: [0x0000018a93000000-0x0000018a93ba0000-0x0000018a93ba0000), size 12189696, SharedBaseAddress: 0x0000018a93000000, ArchiveRelocationMode: 1.
Compressed class space mapped at: 0x0000018a94000000-0x0000018ad4000000, reserved size: 1073741824
Narrow klass base: 0x0000018a93000000, Narrow klass shift: 0, Narrow klass range: 0x100000000

GC Precious Log:
 CardTable entry size: 512
 CPUs: 12 total, 12 available
 Memory: 16055M
 Large Page Support: Disabled
 NUMA Support: Disabled
 Compressed Oops: Enabled (32-bit)
 Alignments: Space 512K, Generation 512K, Heap 2M
 Heap Min Capacity: 100M
 Heap Initial Capacity: 100M
 Heap Max Capacity: 2G
 Pre-touch: Disabled
 Parallel Workers: 10

Heap:
 PSYoungGen      total 11776K, used 1258K [0x00000000d5580000, 0x00000000d6480000, 0x0000000100000000)
  eden space 11264K, 6% used [0x00000000d5580000,0x00000000d563a858,0x00000000d6080000)
  from space 512K, 100% used [0x00000000d6400000,0x00000000d6480000,0x00000000d6480000)
  to   space 1536K, 0% used [0x00000000d6180000,0x00000000d6180000,0x00000000d6300000)
 ParOldGen       total 78848K, used 78692K [0x0000000080000000, 0x0000000084d00000, 0x00000000d5580000)
  object space 78848K, 99% used [0x0000000080000000,0x0000000084cd9208,0x0000000084d00000)
 Metaspace       used 59362K, committed 60800K, reserved 1114112K
  class space    used 6339K, committed 6976K, reserved 1048576K

Card table byte_map: [0x0000018afc3e0000,0x0000018afc7f0000] _byte_map_base: 0x0000018afbfe0000

Marking Bits: (ParMarkBitMap*) 0x00007ff83b373450
 Begin Bits: [0x0000018a8f000000, 0x0000018a91000000)
 End Bits:   [0x0000018a91000000, 0x0000018a93000000)

Polling page: 0x0000018afc1d0000

Metaspace:

Usage:
  Non-class:     51.78 MB used.
      Class:      6.19 MB used.
       Both:     57.97 MB used.

Virtual space:
  Non-class space:       64.00 MB reserved,      52.56 MB ( 82%) committed,  1 nodes.
      Class space:        1.00 GB reserved,       6.81 MB ( <1%) committed,  1 nodes.
             Both:        1.06 GB reserved,      59.38 MB (  5%) committed. 

Chunk freelists:
   Non-Class:  10.55 MB
       Class:  9.16 MB
        Both:  19.71 MB

MaxMetaspaceSize: unlimited
CompressedClassSpaceSize: 1.00 GB
Initial GC threshold: 21.00 MB
Current GC threshold: 59.38 MB
CDS: on
 - commit_granule_bytes: 65536.
 - commit_granule_words: 8192.
 - virtual_space_node_default_size: 8388608.
 - enlarge_chunks_in_place: 1.
 - use_allocation_guard: 0.


Internal statistics:

num_allocs_failed_limit: 16.
num_arena_births: 1126.
num_arena_deaths: 14.
num_vsnodes_births: 2.
num_vsnodes_deaths: 0.
num_space_committed: 950.
num_space_uncommitted: 0.
num_chunks_returned_to_freelist: 30.
num_chunks_taken_from_freelist: 3975.
num_chunk_merges: 21.
num_chunk_splits: 2414.
num_chunks_enlarged: 1272.
num_inconsistent_stats: 0.

CodeHeap 'non-profiled nmethods': size=120000Kb used=5204Kb max_used=5204Kb free=114795Kb
 bounds [0x0000018a87ad0000, 0x0000018a87ff0000, 0x0000018a8f000000]
CodeHeap 'profiled nmethods': size=120000Kb used=19301Kb max_used=19301Kb free=100698Kb
 bounds [0x0000018a80000000, 0x0000018a812e0000, 0x0000018a87530000]
CodeHeap 'non-nmethods': size=5760Kb used=1400Kb max_used=1457Kb free=4359Kb
 bounds [0x0000018a87530000, 0x0000018a877a0000, 0x0000018a87ad0000]
CodeCache: size=245760Kb, used=25905Kb, max_used=25962Kb, free=219852Kb
 total_blobs=9872, nmethods=9164, adapters=614, full_count=0
Compilation: enabled, stopped_count=0, restarted_count=0

Compilation events (20 events):
Event: 24.390 Thread 0x0000018aff173310 nmethod 9729 0x0000018a812b7c90 code [0x0000018a812b7e20, 0x0000018a812b7f28]
Event: 24.390 Thread 0x0000018aff173310 9727       2       org.apache.maven.plugin.internal.DefaultPluginValidationManager::onEvent (72 bytes)
Event: 24.392 Thread 0x0000018aff173310 nmethod 9727 0x0000018a812b7f90 code [0x0000018a812b8240, 0x0000018a812b8a30]
Event: 24.392 Thread 0x0000018aff173310 9728   !   2       org.eclipse.m2e.internal.maven.listener.M2EMavenBuildDataBridge::onEvent (92 bytes)
Event: 24.393 Thread 0x0000018aff173310 nmethod 9728 0x0000018a812b8e90 code [0x0000018a812b90c0, 0x0000018a812b9668]
Event: 24.393 Thread 0x0000018aff173310 9732       2       org.eclipse.aether.RepositoryEvent$Builder::setArtifact (7 bytes)
Event: 24.394 Thread 0x0000018aff173310 nmethod 9732 0x0000018a812b9990 code [0x0000018a812b9b20, 0x0000018a812b9c48]
Event: 24.395 Thread 0x0000018aff173310 9733       2       org.eclipse.aether.RepositoryEvent$Builder::build (9 bytes)
Event: 24.396 Thread 0x0000018aff173310 nmethod 9733 0x0000018a812b9d10 code [0x0000018a812b9ec0, 0x0000018a812ba058]
Event: 24.396 Thread 0x0000018aff173310 9724       2       org.eclipse.aether.repository.RemoteRepository::hashCode (127 bytes)
Event: 24.398 Thread 0x0000018aff173310 nmethod 9724 0x0000018a812ba110 code [0x0000018a812ba320, 0x0000018a812ba6c0]
Event: 24.399 Thread 0x0000018aff173310 9735       2       org.eclipse.aether.RepositoryEvent$Builder::setTrace (7 bytes)
Event: 24.400 Thread 0x0000018aff173310 nmethod 9735 0x0000018a812ba910 code [0x0000018a812baaa0, 0x0000018a812babc8]
Event: 24.400 Thread 0x0000018aff173310 9736       2       org.eclipse.sisu.wire.EntrySetAdapter::isEmpty (19 bytes)
Event: 24.401 Thread 0x0000018aff173310 nmethod 9736 0x0000018a812bac90 code [0x0000018a812bae40, 0x0000018a812bb038]
Event: 24.401 Thread 0x0000018aff173310 9723       2       java.util.concurrent.locks.ReentrantReadWriteLock$ReadLock::tryLock (14 bytes)
Event: 24.401 Thread 0x0000018aff173310 nmethod 9723 0x0000018a812bb190 code [0x0000018a812bb340, 0x0000018a812bb4b0]
Event: 24.401 Thread 0x0000018aff173310 9730       1       org.apache.maven.model.DistributionManagement::getRelocation (5 bytes)
Event: 24.401 Thread 0x0000018aff173310 nmethod 9730 0x0000018a87fe2310 code [0x0000018a87fe24a0, 0x0000018a87fe2568]
Event: 24.414 Thread 0x0000018aff173310 9738       2       org.apache.maven.model.io.xpp3.MavenXpp3Reader::parseDeveloper (517 bytes)

GC Heap History (20 events):
Event: 21.978 GC heap before
{Heap before GC invocations=44 (full 2):
 PSYoungGen      total 13824K, used 13818K [0x00000000d5580000, 0x00000000d6d80000, 0x0000000100000000)
  eden space 11264K, 100% used [0x00000000d5580000,0x00000000d6080000,0x00000000d6080000)
  from space 2560K, 99% used [0x00000000d6080000,0x00000000d62fe858,0x00000000d6300000)
  to   space 6656K, 0% used [0x00000000d6700000,0x00000000d6700000,0x00000000d6d80000)
 ParOldGen       total 68608K, used 66545K [0x0000000080000000, 0x0000000084300000, 0x00000000d5580000)
  object space 68608K, 96% used [0x0000000080000000,0x00000000840fc550,0x0000000084300000)
 Metaspace       used 57211K, committed 58496K, reserved 1114112K
  class space    used 6173K, committed 6784K, reserved 1048576K
}
Event: 21.982 GC heap after
{Heap after GC invocations=44 (full 2):
 PSYoungGen      total 13312K, used 1822K [0x00000000d5580000, 0x00000000d6900000, 0x0000000100000000)
  eden space 11264K, 0% used [0x00000000d5580000,0x00000000d5580000,0x00000000d6080000)
  from space 2048K, 89% used [0x00000000d6700000,0x00000000d68c7ba0,0x00000000d6900000)
  to   space 3584K, 0% used [0x00000000d6200000,0x00000000d6200000,0x00000000d6580000)
 ParOldGen       total 69120K, used 69085K [0x0000000080000000, 0x0000000084380000, 0x00000000d5580000)
  object space 69120K, 99% used [0x0000000080000000,0x00000000843774f8,0x0000000084380000)
 Metaspace       used 57211K, committed 58496K, reserved 1114112K
  class space    used 6173K, committed 6784K, reserved 1048576K
}
Event: 22.425 GC heap before
{Heap before GC invocations=45 (full 2):
 PSYoungGen      total 13312K, used 13086K [0x00000000d5580000, 0x00000000d6900000, 0x0000000100000000)
  eden space 11264K, 100% used [0x00000000d5580000,0x00000000d6080000,0x00000000d6080000)
  from space 2048K, 89% used [0x00000000d6700000,0x00000000d68c7ba0,0x00000000d6900000)
  to   space 3584K, 0% used [0x00000000d6200000,0x00000000d6200000,0x00000000d6580000)
 ParOldGen       total 69120K, used 69085K [0x0000000080000000, 0x0000000084380000, 0x00000000d5580000)
  object space 69120K, 99% used [0x0000000080000000,0x00000000843774f8,0x0000000084380000)
 Metaspace       used 57970K, committed 59264K, reserved 1114112K
  class space    used 6245K, committed 6848K, reserved 1048576K
}
Event: 22.430 GC heap after
{Heap after GC invocations=45 (full 2):
 PSYoungGen      total 14848K, used 1600K [0x00000000d5580000, 0x00000000d6780000, 0x0000000100000000)
  eden space 11264K, 0% used [0x00000000d5580000,0x00000000d5580000,0x00000000d6080000)
  from space 3584K, 44% used [0x00000000d6200000,0x00000000d6390000,0x00000000d6580000)
  to   space 2048K, 0% used [0x00000000d6580000,0x00000000d6580000,0x00000000d6780000)
 ParOldGen       total 70656K, used 70577K [0x0000000080000000, 0x0000000084500000, 0x00000000d5580000)
  object space 70656K, 99% used [0x0000000080000000,0x00000000844ec650,0x0000000084500000)
 Metaspace       used 57970K, committed 59264K, reserved 1114112K
  class space    used 6245K, committed 6848K, reserved 1048576K
}
Event: 22.834 GC heap before
{Heap before GC invocations=46 (full 2):
 PSYoungGen      total 14848K, used 12864K [0x00000000d5580000, 0x00000000d6780000, 0x0000000100000000)
  eden space 11264K, 100% used [0x00000000d5580000,0x00000000d6080000,0x00000000d6080000)
  from space 3584K, 44% used [0x00000000d6200000,0x00000000d6390000,0x00000000d6580000)
  to   space 2048K, 0% used [0x00000000d6580000,0x00000000d6580000,0x00000000d6780000)
 ParOldGen       total 70656K, used 70577K [0x0000000080000000, 0x0000000084500000, 0x00000000d5580000)
  object space 70656K, 99% used [0x0000000080000000,0x00000000844ec650,0x0000000084500000)
 Metaspace       used 58419K, committed 59776K, reserved 1114112K
  class space    used 6283K, committed 6912K, reserved 1048576K
}
Event: 22.839 GC heap after
{Heap after GC invocations=46 (full 2):
 PSYoungGen      total 12800K, used 1408K [0x00000000d5580000, 0x00000000d6700000, 0x0000000100000000)
  eden space 11264K, 0% used [0x00000000d5580000,0x00000000d5580000,0x00000000d6080000)
  from space 1536K, 91% used [0x00000000d6580000,0x00000000d66e0000,0x00000000d6700000)
  to   space 1536K, 0% used [0x00000000d6400000,0x00000000d6400000,0x00000000d6580000)
 ParOldGen       total 72192K, used 71969K [0x0000000080000000, 0x0000000084680000, 0x00000000d5580000)
  object space 72192K, 99% used [0x0000000080000000,0x0000000084648758,0x0000000084680000)
 Metaspace       used 58419K, committed 59776K, reserved 1114112K
  class space    used 6283K, committed 6912K, reserved 1048576K
}
Event: 23.277 GC heap before
{Heap before GC invocations=47 (full 2):
 PSYoungGen      total 12800K, used 12672K [0x00000000d5580000, 0x00000000d6700000, 0x0000000100000000)
  eden space 11264K, 100% used [0x00000000d5580000,0x00000000d6080000,0x00000000d6080000)
  from space 1536K, 91% used [0x00000000d6580000,0x00000000d66e0000,0x00000000d6700000)
  to   space 1536K, 0% used [0x00000000d6400000,0x00000000d6400000,0x00000000d6580000)
 ParOldGen       total 72192K, used 71969K [0x0000000080000000, 0x0000000084680000, 0x00000000d5580000)
  object space 72192K, 99% used [0x0000000080000000,0x0000000084648758,0x0000000084680000)
 Metaspace       used 58541K, committed 59968K, reserved 1114112K
  class space    used 6284K, committed 6912K, reserved 1048576K
}
Event: 23.281 GC heap after
{Heap after GC invocations=47 (full 2):
 PSYoungGen      total 12800K, used 1312K [0x00000000d5580000, 0x00000000d6600000, 0x0000000100000000)
  eden space 11264K, 0% used [0x00000000d5580000,0x00000000d5580000,0x00000000d6080000)
  from space 1536K, 85% used [0x00000000d6400000,0x00000000d6548000,0x00000000d6580000)
  to   space 512K, 0% used [0x00000000d6580000,0x00000000d6580000,0x00000000d6600000)
 ParOldGen       total 73216K, used 73185K [0x0000000080000000, 0x0000000084780000, 0x00000000d5580000)
  object space 73216K, 99% used [0x0000000080000000,0x0000000084778758,0x0000000084780000)
 Metaspace       used 58541K, committed 59968K, reserved 1114112K
  class space    used 6284K, committed 6912K, reserved 1048576K
}
Event: 23.742 GC heap before
{Heap before GC invocations=48 (full 2):
 PSYoungGen      total 12800K, used 12576K [0x00000000d5580000, 0x00000000d6600000, 0x0000000100000000)
  eden space 11264K, 100% used [0x00000000d5580000,0x00000000d6080000,0x00000000d6080000)
  from space 1536K, 85% used [0x00000000d6400000,0x00000000d6548000,0x00000000d6580000)
  to   space 512K, 0% used [0x00000000d6580000,0x00000000d6580000,0x00000000d6600000)
 ParOldGen       total 73216K, used 73185K [0x0000000080000000, 0x0000000084780000, 0x00000000d5580000)
  object space 73216K, 99% used [0x0000000080000000,0x0000000084778758,0x0000000084780000)
 Metaspace       used 58677K, committed 60032K, reserved 1114112K
  class space    used 6284K, committed 6912K, reserved 1048576K
}
Event: 23.744 GC heap after
{Heap after GC invocations=48 (full 2):
 PSYoungGen      total 11776K, used 512K [0x00000000d5580000, 0x00000000d6600000, 0x0000000100000000)
  eden space 11264K, 0% used [0x00000000d5580000,0x00000000d5580000,0x00000000d6080000)
  from space 512K, 100% used [0x00000000d6580000,0x00000000d6600000,0x00000000d6600000)
  to   space 2560K, 0% used [0x00000000d6100000,0x00000000d6100000,0x00000000d6380000)
 ParOldGen       total 74752K, used 74649K [0x0000000080000000, 0x0000000084900000, 0x00000000d5580000)
  object space 74752K, 99% used [0x0000000080000000,0x00000000848e6768,0x0000000084900000)
 Metaspace       used 58677K, committed 60032K, reserved 1114112K
  class space    used 6284K, committed 6912K, reserved 1048576K
}
Event: 23.935 GC heap before
{Heap before GC invocations=49 (full 2):
 PSYoungGen      total 11776K, used 11776K [0x00000000d5580000, 0x00000000d6600000, 0x0000000100000000)
  eden space 11264K, 100% used [0x00000000d5580000,0x00000000d6080000,0x00000000d6080000)
  from space 512K, 100% used [0x00000000d6580000,0x00000000d6600000,0x00000000d6600000)
  to   space 2560K, 0% used [0x00000000d6100000,0x00000000d6100000,0x00000000d6380000)
 ParOldGen       total 74752K, used 74649K [0x0000000080000000, 0x0000000084900000, 0x00000000d5580000)
  object space 74752K, 99% used [0x0000000080000000,0x00000000848e6768,0x0000000084900000)
 Metaspace       used 58792K, committed 60160K, reserved 1114112K
  class space    used 6286K, committed 6912K, reserved 1048576K
}
Event: 23.937 GC heap after
{Heap after GC invocations=49 (full 2):
 PSYoungGen      total 13824K, used 832K [0x00000000d5580000, 0x00000000d6600000, 0x0000000100000000)
  eden space 11264K, 0% used [0x00000000d5580000,0x00000000d5580000,0x00000000d6080000)
  from space 2560K, 32% used [0x00000000d6100000,0x00000000d61d0000,0x00000000d6380000)
  to   space 1536K, 0% used [0x00000000d6480000,0x00000000d6480000,0x00000000d6600000)
 ParOldGen       total 75264K, used 75041K [0x0000000080000000, 0x0000000084980000, 0x00000000d5580000)
  object space 75264K, 99% used [0x0000000080000000,0x0000000084948768,0x0000000084980000)
 Metaspace       used 58792K, committed 60160K, reserved 1114112K
  class space    used 6286K, committed 6912K, reserved 1048576K
}
Event: 24.092 GC heap before
{Heap before GC invocations=50 (full 2):
 PSYoungGen      total 13824K, used 12096K [0x00000000d5580000, 0x00000000d6600000, 0x0000000100000000)
  eden space 11264K, 100% used [0x00000000d5580000,0x00000000d6080000,0x00000000d6080000)
  from space 2560K, 32% used [0x00000000d6100000,0x00000000d61d0000,0x00000000d6380000)
  to   space 1536K, 0% used [0x00000000d6480000,0x00000000d6480000,0x00000000d6600000)
 ParOldGen       total 75264K, used 75041K [0x0000000080000000, 0x0000000084980000, 0x00000000d5580000)
  object space 75264K, 99% used [0x0000000080000000,0x0000000084948768,0x0000000084980000)
 Metaspace       used 59126K, committed 60480K, reserved 1114112K
  class space    used 6333K, committed 6976K, reserved 1048576K
}
Event: 24.095 GC heap after
{Heap after GC invocations=50 (full 2):
 PSYoungGen      total 12800K, used 1376K [0x00000000d5580000, 0x00000000d6600000, 0x0000000100000000)
  eden space 11264K, 0% used [0x00000000d5580000,0x00000000d5580000,0x00000000d6080000)
  from space 1536K, 89% used [0x00000000d6480000,0x00000000d65d8020,0x00000000d6600000)
  to   space 1536K, 0% used [0x00000000d6300000,0x00000000d6300000,0x00000000d6480000)
 ParOldGen       total 75776K, used 75551K [0x0000000080000000, 0x0000000084a00000, 0x00000000d5580000)
  object space 75776K, 99% used [0x0000000080000000,0x00000000849c7de0,0x0000000084a00000)
 Metaspace       used 59126K, committed 60480K, reserved 1114112K
  class space    used 6333K, committed 6976K, reserved 1048576K
}
Event: 24.160 GC heap before
{Heap before GC invocations=51 (full 2):
 PSYoungGen      total 12800K, used 12640K [0x00000000d5580000, 0x00000000d6600000, 0x0000000100000000)
  eden space 11264K, 100% used [0x00000000d5580000,0x00000000d6080000,0x00000000d6080000)
  from space 1536K, 89% used [0x00000000d6480000,0x00000000d65d8020,0x00000000d6600000)
  to   space 1536K, 0% used [0x00000000d6300000,0x00000000d6300000,0x00000000d6480000)
 ParOldGen       total 75776K, used 75551K [0x0000000080000000, 0x0000000084a00000, 0x00000000d5580000)
  object space 75776K, 99% used [0x0000000080000000,0x00000000849c7de0,0x0000000084a00000)
 Metaspace       used 59152K, committed 60544K, reserved 1114112K
  class space    used 6334K, committed 6976K, reserved 1048576K
}
Event: 24.163 GC heap after
{Heap after GC invocations=51 (full 2):
 PSYoungGen      total 12288K, used 1024K [0x00000000d5580000, 0x00000000d6500000, 0x0000000100000000)
  eden space 11264K, 0% used [0x00000000d5580000,0x00000000d5580000,0x00000000d6080000)
  from space 1024K, 100% used [0x00000000d6300000,0x00000000d6400000,0x00000000d6400000)
  to   space 1024K, 0% used [0x00000000d6400000,0x00000000d6400000,0x00000000d6500000)
 ParOldGen       total 76800K, used 76542K [0x0000000080000000, 0x0000000084b00000, 0x00000000d5580000)
  object space 76800K, 99% used [0x0000000080000000,0x0000000084abfaf0,0x0000000084b00000)
 Metaspace       used 59152K, committed 60544K, reserved 1114112K
  class space    used 6334K, committed 6976K, reserved 1048576K
}
Event: 24.249 GC heap before
{Heap before GC invocations=52 (full 2):
 PSYoungGen      total 12288K, used 12288K [0x00000000d5580000, 0x00000000d6500000, 0x0000000100000000)
  eden space 11264K, 100% used [0x00000000d5580000,0x00000000d6080000,0x00000000d6080000)
  from space 1024K, 100% used [0x00000000d6300000,0x00000000d6400000,0x00000000d6400000)
  to   space 1024K, 0% used [0x00000000d6400000,0x00000000d6400000,0x00000000d6500000)
 ParOldGen       total 76800K, used 76542K [0x0000000080000000, 0x0000000084b00000, 0x00000000d5580000)
  object space 76800K, 99% used [0x0000000080000000,0x0000000084abfaf0,0x0000000084b00000)
 Metaspace       used 59213K, committed 60608K, reserved 1114112K
  class space    used 6334K, committed 6976K, reserved 1048576K
}
Event: 24.252 GC heap after
{Heap after GC invocations=52 (full 2):
 PSYoungGen      total 12288K, used 960K [0x00000000d5580000, 0x00000000d6500000, 0x0000000100000000)
  eden space 11264K, 0% used [0x00000000d5580000,0x00000000d5580000,0x00000000d6080000)
  from space 1024K, 93% used [0x00000000d6400000,0x00000000d64f0000,0x00000000d6500000)
  to   space 1024K, 0% used [0x00000000d6300000,0x00000000d6300000,0x00000000d6400000)
 ParOldGen       total 77824K, used 77382K [0x0000000080000000, 0x0000000084c00000, 0x00000000d5580000)
  object space 77824K, 99% used [0x0000000080000000,0x0000000084b91af0,0x0000000084c00000)
 Metaspace       used 59213K, committed 60608K, reserved 1114112K
  class space    used 6334K, committed 6976K, reserved 1048576K
}
Event: 24.343 GC heap before
{Heap before GC invocations=53 (full 2):
 PSYoungGen      total 12288K, used 12224K [0x00000000d5580000, 0x00000000d6500000, 0x0000000100000000)
  eden space 11264K, 100% used [0x00000000d5580000,0x00000000d6080000,0x00000000d6080000)
  from space 1024K, 93% used [0x00000000d6400000,0x00000000d64f0000,0x00000000d6500000)
  to   space 1024K, 0% used [0x00000000d6300000,0x00000000d6300000,0x00000000d6400000)
 ParOldGen       total 77824K, used 77382K [0x0000000080000000, 0x0000000084c00000, 0x00000000d5580000)
  object space 77824K, 99% used [0x0000000080000000,0x0000000084b91af0,0x0000000084c00000)
 Metaspace       used 59260K, committed 60672K, reserved 1114112K
  class space    used 6336K, committed 6976K, reserved 1048576K
}
Event: 24.346 GC heap after
{Heap after GC invocations=53 (full 2):
 PSYoungGen      total 12288K, used 992K [0x00000000d5580000, 0x00000000d6480000, 0x0000000100000000)
  eden space 11264K, 0% used [0x00000000d5580000,0x00000000d5580000,0x00000000d6080000)
  from space 1024K, 96% used [0x00000000d6300000,0x00000000d63f8010,0x00000000d6400000)
  to   space 512K, 0% used [0x00000000d6400000,0x00000000d6400000,0x00000000d6480000)
 ParOldGen       total 78336K, used 77966K [0x0000000080000000, 0x0000000084c80000, 0x00000000d5580000)
  object space 78336K, 99% used [0x0000000080000000,0x0000000084c23af0,0x0000000084c80000)
 Metaspace       used 59260K, committed 60672K, reserved 1114112K
  class space    used 6336K, committed 6976K, reserved 1048576K
}

Dll operation events (10 events):
Event: 0.029 Loaded shared library c:\Users\Shivendra\.vscode\extensions\redhat.java-1.54.0-win32-x64\jre\21.0.10-win32-x86_64\bin\java.dll
Event: 0.234 Loaded shared library c:\Users\Shivendra\.vscode\extensions\redhat.java-1.54.0-win32-x64\jre\21.0.10-win32-x86_64\bin\zip.dll
Event: 0.305 Loaded shared library C:\Users\Shivendra\.vscode\extensions\redhat.java-1.54.0-win32-x64\jre\21.0.10-win32-x86_64\bin\instrument.dll
Event: 0.319 Loaded shared library C:\Users\Shivendra\.vscode\extensions\redhat.java-1.54.0-win32-x64\jre\21.0.10-win32-x86_64\bin\net.dll
Event: 0.326 Loaded shared library C:\Users\Shivendra\.vscode\extensions\redhat.java-1.54.0-win32-x64\jre\21.0.10-win32-x86_64\bin\nio.dll
Event: 0.336 Loaded shared library C:\Users\Shivendra\.vscode\extensions\redhat.java-1.54.0-win32-x64\jre\21.0.10-win32-x86_64\bin\zip.dll
Event: 0.425 Loaded shared library C:\Users\Shivendra\.vscode\extensions\redhat.java-1.54.0-win32-x64\jre\21.0.10-win32-x86_64\bin\jimage.dll
Event: 0.786 Loaded shared library c:\Users\Shivendra\.vscode\extensions\redhat.java-1.54.0-win32-x64\jre\21.0.10-win32-x86_64\bin\verify.dll
Event: 4.028 Loaded shared library C:\Users\Shivendra\AppData\Roaming\Code\User\globalStorage\redhat.java\1.54.0\config_win\org.eclipse.equinox.launcher\org.eclipse.equinox.launcher.win32.win32.x86_64_1.3.0.v20260203-2149\eclipse_11919.dll
Event: 8.734 Loaded shared library C:\Users\Shivendra\AppData\Local\Temp\jna--952685784\jna18089118859456460886.dll

Deoptimization events (20 events):
Event: 24.313 Thread 0x0000018ad89e1850 DEOPT PACKING pc=0x0000018a87d35888 sp=0x0000000106cfe210
Event: 24.313 Thread 0x0000018ad89e1850 DEOPT UNPACKING pc=0x0000018a87583aa2 sp=0x0000000106cfdfe8 mode 2
Event: 24.316 Thread 0x0000018ad89e1850 Uncommon trap: trap_request=0xffffffc6 fr.pc=0x0000018a87d35888 relative=0x0000000000000c68
Event: 24.316 Thread 0x0000018ad89e1850 Uncommon trap: reason=bimorphic_or_optimized_type_check action=maybe_recompile pc=0x0000018a87d35888 method=java.nio.charset.CharsetDecoder.decode(Ljava/nio/ByteBuffer;Ljava/nio/CharBuffer;Z)Ljava/nio/charset/CoderResult; @ 57 c2
Event: 24.316 Thread 0x0000018ad89e1850 DEOPT PACKING pc=0x0000018a87d35888 sp=0x0000000106cfe080
Event: 24.316 Thread 0x0000018ad89e1850 DEOPT UNPACKING pc=0x0000018a87583aa2 sp=0x0000000106cfde58 mode 2
Event: 24.316 Thread 0x0000018ad89e1850 Uncommon trap: trap_request=0xffffffc6 fr.pc=0x0000018a87cf0ac4 relative=0x00000000000003c4
Event: 24.316 Thread 0x0000018ad89e1850 Uncommon trap: reason=bimorphic_or_optimized_type_check action=maybe_recompile pc=0x0000018a87cf0ac4 method=java.nio.charset.CharsetDecoder.decode(Ljava/nio/ByteBuffer;Ljava/nio/CharBuffer;Z)Ljava/nio/charset/CoderResult; @ 57 c2
Event: 24.316 Thread 0x0000018ad89e1850 DEOPT PACKING pc=0x0000018a87cf0ac4 sp=0x0000000106cfdeb0
Event: 24.316 Thread 0x0000018ad89e1850 DEOPT UNPACKING pc=0x0000018a87583aa2 sp=0x0000000106cfde58 mode 2
Event: 24.317 Thread 0x0000018ad89e1850 Uncommon trap: trap_request=0xffffffc6 fr.pc=0x0000018a87d32978 relative=0x00000000000009b8
Event: 24.317 Thread 0x0000018ad89e1850 Uncommon trap: reason=bimorphic_or_optimized_type_check action=maybe_recompile pc=0x0000018a87d32978 method=java.nio.charset.CharsetDecoder.decode(Ljava/nio/ByteBuffer;Ljava/nio/CharBuffer;Z)Ljava/nio/charset/CoderResult; @ 57 c2
Event: 24.317 Thread 0x0000018ad89e1850 DEOPT PACKING pc=0x0000018a87d32978 sp=0x0000000106cfdc20
Event: 24.317 Thread 0x0000018ad89e1850 DEOPT UNPACKING pc=0x0000018a87583aa2 sp=0x0000000106cfdaa8 mode 2
Event: 24.319 Thread 0x0000018affb23ae0 DEOPT PACKING pc=0x0000018a81229fcd sp=0x00000001070fe530
Event: 24.319 Thread 0x0000018affb23ae0 DEOPT UNPACKING pc=0x0000018a87584242 sp=0x00000001070fda70 mode 0
Event: 24.342 Thread 0x0000018affb22730 DEOPT PACKING pc=0x0000018a81229fcd sp=0x0000000106efdfd0
Event: 24.342 Thread 0x0000018affb22730 DEOPT UNPACKING pc=0x0000018a87584242 sp=0x0000000106efd508 mode 0
Event: 24.365 Thread 0x0000018affb23ae0 DEOPT PACKING pc=0x0000018a81229fcd sp=0x00000001070fe620
Event: 24.365 Thread 0x0000018affb23ae0 DEOPT UNPACKING pc=0x0000018a87584242 sp=0x00000001070fdb58 mode 0

Classes loaded (20 events):
Event: 20.676 Loading class java/util/Hashtable$ValueCollection
Event: 20.676 Loading class java/util/Hashtable$ValueCollection done
Event: 20.682 Loading class java/util/concurrent/ConcurrentHashMap$KeySpliterator
Event: 20.682 Loading class java/util/concurrent/ConcurrentHashMap$KeySpliterator done
Event: 20.706 Loading class sun/nio/ch/ChannelOutputStream
Event: 20.706 Loading class sun/nio/ch/ChannelOutputStream done
Event: 20.756 Loading class java/util/stream/ReferencePipeline$4
Event: 20.756 Loading class java/util/stream/ReferencePipeline$4 done
Event: 20.756 Loading class java/util/stream/Nodes$IntFixedNodeBuilder
Event: 20.756 Loading class java/util/stream/Node$Builder$OfInt
Event: 20.757 Loading class java/util/stream/Node$Builder$OfInt done
Event: 20.757 Loading class java/util/stream/Nodes$IntArrayNode
Event: 20.757 Loading class java/util/stream/Nodes$IntArrayNode done
Event: 20.757 Loading class java/util/stream/Nodes$IntFixedNodeBuilder done
Event: 20.757 Loading class java/util/stream/ReferencePipeline$4$1
Event: 20.758 Loading class java/util/stream/ReferencePipeline$4$1 done
Event: 21.683 Loading class jdk/internal/module/IllegalAccessLogger
Event: 21.683 Loading class jdk/internal/module/IllegalAccessLogger done
Event: 24.312 Loading class sun/nio/cs/ISO_8859_1$Decoder
Event: 24.312 Loading class sun/nio/cs/ISO_8859_1$Decoder done

Classes unloaded (7 events):
Event: 10.359 Thread 0x0000018afd0b4140 Unloading class 0x0000018a941a9800 'java/lang/invoke/LambdaForm$MH+0x0000018a941a9800'
Event: 10.359 Thread 0x0000018afd0b4140 Unloading class 0x0000018a941a9400 'java/lang/invoke/LambdaForm$MH+0x0000018a941a9400'
Event: 10.359 Thread 0x0000018afd0b4140 Unloading class 0x0000018a941a9000 'java/lang/invoke/LambdaForm$MH+0x0000018a941a9000'
Event: 10.359 Thread 0x0000018afd0b4140 Unloading class 0x0000018a941a8c00 'java/lang/invoke/LambdaForm$MH+0x0000018a941a8c00'
Event: 10.359 Thread 0x0000018afd0b4140 Unloading class 0x0000018a941a8800 'java/lang/invoke/LambdaForm$BMH+0x0000018a941a8800'
Event: 10.359 Thread 0x0000018afd0b4140 Unloading class 0x0000018a941a8400 'java/lang/invoke/LambdaForm$DMH+0x0000018a941a8400'
Event: 10.359 Thread 0x0000018afd0b4140 Unloading class 0x0000018a941a3000 'java/lang/invoke/LambdaForm$DMH+0x0000018a941a3000'

Classes redefined (0 events):
No events

Internal exceptions (20 events):
Event: 20.599 Thread 0x0000018ad89ddd40 Implicit null exception at 0x0000018a87e0b8cf to 0x0000018a87e0be38
Event: 20.627 Thread 0x0000018ad89ddd40 Exception <a 'java/lang/NoSuchMethodError'{0x00000000d56f04d8}: 'void java.lang.invoke.DirectMethodHandle$Holder.invokeStatic(java.lang.Object, int, java.lang.Object)'> (0x00000000d56f04d8) 
thrown [s\src\hotspot\share\interpreter\linkResolver.cpp, line 773]
Event: 20.687 Thread 0x0000018aff220e80 Exception <a 'java/lang/NoSuchMethodError'{0x00000000d57e8e60}: 'java.lang.Object java.lang.invoke.DirectMethodHandle$Holder.newInvokeSpecial(java.lang.Object, java.lang.Object, int, int, java.lang.Object)'> (0x00000000d57e8e60) 
thrown [s\src\hotspot\share\interpreter\linkResolver.cpp, line 773]
Event: 21.151 Thread 0x0000018ad89ddd40 Exception <a 'java/lang/NoSuchMethodError'{0x00000000d5ffe238}: 'java.lang.Object java.lang.invoke.DirectMethodHandle$Holder.invokeStatic(java.lang.Object, java.lang.Object, int, java.lang.Object, java.lang.Object)'> (0x00000000d5ffe238) 
thrown [s\src\hotspot\share\interpreter\linkResolver.cpp, line 773]
Event: 21.448 Thread 0x0000018aff220e80 Exception <a 'sun/nio/fs/WindowsException'{0x00000000d58f7ec8}> (0x00000000d58f7ec8) 
thrown [s\src\hotspot\share\prims\jni.cpp, line 520]
Event: 21.450 Thread 0x0000018adfdcfb70 Exception <a 'sun/nio/fs/WindowsException'{0x00000000d590a240}> (0x00000000d590a240) 
thrown [s\src\hotspot\share\prims\jni.cpp, line 520]
Event: 22.169 Thread 0x0000018aff220e80 Exception <a 'sun/nio/fs/WindowsException'{0x00000000d5b1ccb8}> (0x00000000d5b1ccb8) 
thrown [s\src\hotspot\share\prims\jni.cpp, line 520]
Event: 22.169 Thread 0x0000018aff220e80 Exception <a 'sun/nio/fs/WindowsException'{0x00000000d5b1d548}> (0x00000000d5b1d548) 
thrown [s\src\hotspot\share\prims\jni.cpp, line 520]
Event: 22.170 Thread 0x0000018aff220e80 Exception <a 'sun/nio/fs/WindowsException'{0x00000000d5b1e630}> (0x00000000d5b1e630) 
thrown [s\src\hotspot\share\prims\jni.cpp, line 520]
Event: 22.170 Thread 0x0000018aff220e80 Exception <a 'sun/nio/fs/WindowsException'{0x00000000d5b1ec60}> (0x00000000d5b1ec60) 
thrown [s\src\hotspot\share\prims\jni.cpp, line 520]
Event: 22.171 Thread 0x0000018aff220e80 Exception <a 'sun/nio/fs/WindowsException'{0x00000000d5b1f988}> (0x00000000d5b1f988) 
thrown [s\src\hotspot\share\prims\jni.cpp, line 520]
Event: 22.171 Thread 0x0000018aff220e80 Exception <a 'sun/nio/fs/WindowsException'{0x00000000d5b20218}> (0x00000000d5b20218) 
thrown [s\src\hotspot\share\prims\jni.cpp, line 520]
Event: 22.172 Thread 0x0000018aff220e80 Exception <a 'sun/nio/fs/WindowsException'{0x00000000d5b21130}> (0x00000000d5b21130) 
thrown [s\src\hotspot\share\prims\jni.cpp, line 520]
Event: 22.172 Thread 0x0000018aff220e80 Exception <a 'sun/nio/fs/WindowsException'{0x00000000d5b219c0}> (0x00000000d5b219c0) 
thrown [s\src\hotspot\share\prims\jni.cpp, line 520]
Event: 22.502 Thread 0x0000018aff220e80 Exception <a 'java/lang/NoSuchMethodError'{0x00000000d5764788}: 'void java.lang.invoke.DirectMethodHandle$Holder.invokeStatic(java.lang.Object, java.lang.Object, java.lang.Object, int)'> (0x00000000d5764788) 
thrown [s\src\hotspot\share\interpreter\linkResolver.cpp, line 773]
Event: 22.516 Thread 0x0000018aff220e80 Exception <a 'java/lang/NoSuchMethodError'{0x00000000d57aa8d8}: 'void java.lang.invoke.DirectMethodHandle$Holder.invokeVirtual(java.lang.Object, java.lang.Object, int)'> (0x00000000d57aa8d8) 
thrown [s\src\hotspot\share\interpreter\linkResolver.cpp, line 773]
Event: 23.985 Thread 0x0000018aff220e80 Exception <a 'java/lang/NoSuchMethodError'{0x00000000d58fe610}: 'void java.lang.invoke.DirectMethodHandle$Holder.invokeInterface(java.lang.Object, java.lang.Object)'> (0x00000000d58fe610) 
thrown [s\src\hotspot\share\interpreter\linkResolver.cpp, line 773]
Event: 24.011 Thread 0x0000018affb23ae0 Exception <a 'java/lang/NoSuchMethodError'{0x00000000d59ec738}: 'void java.lang.invoke.DirectMethodHandle$Holder.invokeSpecial(java.lang.Object, java.lang.Object, java.lang.Object, java.lang.Object, java.lang.Object, java.lang.Object, java.lang.Object, java.lang.Object)'> (0x00000000d59ec738) 
thrown [s\src\hotspot\share\interpreter\linkResolver.cpp, line 773]
Event: 24.012 Thread 0x0000018affb22dc0 Exception <a 'java/lang/NoSuchMethodError'{0x00000000d59d4688}: 'void java.lang.invoke.DirectMethodHandle$Holder.invokeSpecial(java.lang.Object, java.lang.Object, java.lang.Object, java.lang.Object, java.lang.Object, java.lang.Object, java.lang.Object, java.lang.Object)'> (0x00000000d59d4688) 
thrown [s\src\hotspot\share\interpreter\linkResolver.cpp, line 773]
Event: 24.097 Thread 0x0000018ad89e1850 Implicit null exception at 0x0000018a87fb7927 to 0x0000018a87fb7cd0

ZGC Phase Switch (0 events):
No events

VM Operations (20 events):
Event: 22.425 Executing safepoint VM operation: ParallelGCFailedAllocation (Allocation Failure)
Event: 22.430 Executing safepoint VM operation: ParallelGCFailedAllocation (Allocation Failure) done
Event: 22.834 Executing safepoint VM operation: ParallelGCFailedAllocation (Allocation Failure)
Event: 22.839 Executing safepoint VM operation: ParallelGCFailedAllocation (Allocation Failure) done
Event: 23.277 Executing safepoint VM operation: ParallelGCFailedAllocation (Allocation Failure)
Event: 23.281 Executing safepoint VM operation: ParallelGCFailedAllocation (Allocation Failure) done
Event: 23.741 Executing safepoint VM operation: ParallelGCFailedAllocation (Allocation Failure)
Event: 23.744 Executing safepoint VM operation: ParallelGCFailedAllocation (Allocation Failure) done
Event: 23.935 Executing safepoint VM operation: ParallelGCFailedAllocation (Allocation Failure)
Event: 23.937 Executing safepoint VM operation: ParallelGCFailedAllocation (Allocation Failure) done
Event: 24.026 Executing non-safepoint VM operation: HandshakeAllThreads (Deoptimize)
Event: 24.026 Executing non-safepoint VM operation: HandshakeAllThreads (Deoptimize) done
Event: 24.092 Executing safepoint VM operation: ParallelGCFailedAllocation (Allocation Failure)
Event: 24.095 Executing safepoint VM operation: ParallelGCFailedAllocation (Allocation Failure) done
Event: 24.160 Executing safepoint VM operation: ParallelGCFailedAllocation (Allocation Failure)
Event: 24.163 Executing safepoint VM operation: ParallelGCFailedAllocation (Allocation Failure) done
Event: 24.244 Executing safepoint VM operation: ParallelGCFailedAllocation (Allocation Failure)
Event: 24.252 Executing safepoint VM operation: ParallelGCFailedAllocation (Allocation Failure) done
Event: 24.343 Executing safepoint VM operation: ParallelGCFailedAllocation (Allocation Failure)
Event: 24.346 Executing safepoint VM operation: ParallelGCFailedAllocation (Allocation Failure) done

Memory protections (0 events):
No events

Nmethod flushes (20 events):
Event: 13.368 Thread 0x0000018afd0b4140 flushing  nmethod 0x0000018a8065b290
Event: 13.368 Thread 0x0000018afd0b4140 flushing  nmethod 0x0000018a8065bb90
Event: 13.368 Thread 0x0000018afd0b4140 flushing  nmethod 0x0000018a8065cd90
Event: 13.368 Thread 0x0000018afd0b4140 flushing  nmethod 0x0000018a8065da10
Event: 13.368 Thread 0x0000018afd0b4140 flushing  nmethod 0x0000018a8065e190
Event: 13.368 Thread 0x0000018afd0b4140 flushing  nmethod 0x0000018a8065eb10
Event: 13.368 Thread 0x0000018afd0b4140 flushing  nmethod 0x0000018a80660010
Event: 13.368 Thread 0x0000018afd0b4140 flushing  nmethod 0x0000018a80662010
Event: 13.368 Thread 0x0000018afd0b4140 flushing  nmethod 0x0000018a80662c90
Event: 13.369 Thread 0x0000018afd0b4140 flushing  nmethod 0x0000018a80664790
Event: 13.369 Thread 0x0000018afd0b4140 flushing  nmethod 0x0000018a8066f710
Event: 13.369 Thread 0x0000018afd0b4140 flushing  nmethod 0x0000018a80680990
Event: 13.369 Thread 0x0000018afd0b4140 flushing  nmethod 0x0000018a80697710
Event: 13.369 Thread 0x0000018afd0b4140 flushing  nmethod 0x0000018a80698710
Event: 13.369 Thread 0x0000018afd0b4140 flushing  nmethod 0x0000018a8069ae10
Event: 13.369 Thread 0x0000018afd0b4140 flushing  nmethod 0x0000018a806f2390
Event: 13.369 Thread 0x0000018afd0b4140 flushing  nmethod 0x0000018a8070d310
Event: 13.369 Thread 0x0000018afd0b4140 flushing  nmethod 0x0000018a80726390
Event: 13.369 Thread 0x0000018afd0b4140 flushing  nmethod 0x0000018a80740190
Event: 13.369 Thread 0x0000018afd0b4140 flushing  nmethod 0x0000018a8075ad90

Events (20 events):
Event: 17.717 Thread 0x0000018aff220e80 Thread added: 0x0000018adfdd15b0
Event: 17.717 Thread 0x0000018adfdd3680 Thread added: 0x0000018adfdd0890
Event: 17.717 Thread 0x0000018adfdd15b0 Thread added: 0x0000018adfdd0f20
Event: 20.482 Thread 0x0000018aff220e80 Thread added: 0x0000018ad89ddd40
Event: 20.692 Thread 0x0000018aff220e80 Thread added: 0x0000018ad89daf50
Event: 20.720 Thread 0x0000018aff220e80 Thread added: 0x0000018ad89db5e0
Event: 20.721 Thread 0x0000018aff220e80 Thread added: 0x0000018ad89dd020
Event: 20.935 Thread 0x0000018aff220e80 Thread added: 0x0000018ad89df0f0
Event: 20.960 Thread 0x0000018aff220e80 Thread added: 0x0000018ad89dea60
Event: 20.988 Thread 0x0000018aff220e80 Thread added: 0x0000018ad89e0b30
Event: 21.005 Thread 0x0000018aff220e80 Thread added: 0x0000018ad89df780
Event: 21.066 Thread 0x0000018aff220e80 Thread added: 0x0000018ad89dfe10
Event: 21.284 Thread 0x0000018aff220e80 Thread added: 0x0000018ad89e04a0
Event: 21.467 Thread 0x0000018aff220e80 Thread added: 0x0000018ad89dd6b0
Event: 22.129 Thread 0x0000018aff220e80 Thread added: 0x0000018ad89e1ee0
Event: 24.004 Thread 0x0000018aff220e80 Thread added: 0x0000018ad89e1850
Event: 24.005 Thread 0x0000018aff220e80 Thread added: 0x0000018ad89e2570
Event: 24.005 Thread 0x0000018aff220e80 Thread added: 0x0000018affb22730
Event: 24.006 Thread 0x0000018aff220e80 Thread added: 0x0000018affb22dc0
Event: 24.007 Thread 0x0000018aff220e80 Thread added: 0x0000018affb23ae0


Dynamic libraries:
0x00007ff728a60000 - 0x00007ff728a6e000 	c:\Users\Shivendra\.vscode\extensions\redhat.java-1.54.0-win32-x64\jre\21.0.10-win32-x86_64\bin\java.exe
0x00007ff9299a0000 - 0x00007ff929c07000 	C:\WINDOWS\SYSTEM32\ntdll.dll
0x00007ff928650000 - 0x00007ff928719000 	C:\WINDOWS\System32\KERNEL32.DLL
0x00007ff926fe0000 - 0x00007ff9273d4000 	C:\WINDOWS\System32\KERNELBASE.dll
0x00007ff926300000 - 0x00007ff92644b000 	C:\WINDOWS\System32\ucrtbase.dll
0x00007ff8e9ee0000 - 0x00007ff8e9ef8000 	c:\Users\Shivendra\.vscode\extensions\redhat.java-1.54.0-win32-x64\jre\21.0.10-win32-x86_64\bin\jli.dll
0x00007ff928980000 - 0x00007ff928b45000 	C:\WINDOWS\System32\USER32.dll
0x00007ff926450000 - 0x00007ff926477000 	C:\WINDOWS\System32\win32u.dll
0x00007ff8d9460000 - 0x00007ff8d947e000 	c:\Users\Shivendra\.vscode\extensions\redhat.java-1.54.0-win32-x64\jre\21.0.10-win32-x86_64\bin\VCRUNTIME140.dll
0x00007ff905c20000 - 0x00007ff905eb3000 	C:\WINDOWS\WinSxS\amd64_microsoft.windows.common-controls_6595b64144ccf1df_6.0.26100.8115_none_3e075c82e3354f9c\COMCTL32.dll
0x00007ff927d90000 - 0x00007ff927e39000 	C:\WINDOWS\System32\msvcrt.dll
0x00007ff929570000 - 0x00007ff92959b000 	C:\WINDOWS\System32\GDI32.dll
0x00007ff927490000 - 0x00007ff9275bb000 	C:\WINDOWS\System32\gdi32full.dll
0x00007ff9273e0000 - 0x00007ff927483000 	C:\WINDOWS\System32\msvcp_win.dll
0x00007ff928120000 - 0x00007ff928152000 	C:\WINDOWS\System32\IMM32.DLL
0x00007ff912230000 - 0x00007ff91223c000 	c:\Users\Shivendra\.vscode\extensions\redhat.java-1.54.0-win32-x64\jre\21.0.10-win32-x86_64\bin\vcruntime140_1.dll
0x00007ff8626f0000 - 0x00007ff86277d000 	c:\Users\Shivendra\.vscode\extensions\redhat.java-1.54.0-win32-x64\jre\21.0.10-win32-x86_64\bin\msvcp140.dll
0x00007ff83a6b0000 - 0x00007ff83b451000 	c:\Users\Shivendra\.vscode\extensions\redhat.java-1.54.0-win32-x64\jre\21.0.10-win32-x86_64\bin\server\jvm.dll
0x00007ff927790000 - 0x00007ff927846000 	C:\WINDOWS\System32\ADVAPI32.dll
0x00007ff928020000 - 0x00007ff9280c7000 	C:\WINDOWS\System32\sechost.dll
0x00007ff929840000 - 0x00007ff929958000 	C:\WINDOWS\System32\RPCRT4.dll
0x00007ff928170000 - 0x00007ff9281f0000 	C:\WINDOWS\System32\WS2_32.dll
0x00007ff9260f0000 - 0x00007ff92614e000 	C:\WINDOWS\SYSTEM32\POWRPROF.dll
0x00007ff91c950000 - 0x00007ff91c986000 	C:\WINDOWS\SYSTEM32\WINMM.dll
0x00007ff912120000 - 0x00007ff91212b000 	C:\WINDOWS\SYSTEM32\VERSION.dll
0x00007ff9260d0000 - 0x00007ff9260e4000 	C:\WINDOWS\SYSTEM32\UMPDC.dll
0x00007ff925000000 - 0x00007ff92501b000 	C:\WINDOWS\SYSTEM32\kernel.appcore.dll
0x00007ff8e5aa0000 - 0x00007ff8e5aaa000 	c:\Users\Shivendra\.vscode\extensions\redhat.java-1.54.0-win32-x64\jre\21.0.10-win32-x86_64\bin\jimage.dll
0x00007ff924180000 - 0x00007ff9243c2000 	C:\WINDOWS\SYSTEM32\DBGHELP.DLL
0x00007ff9282c0000 - 0x00007ff928642000 	C:\WINDOWS\System32\combase.dll
0x00007ff929760000 - 0x00007ff929838000 	C:\WINDOWS\System32\OLEAUT32.dll
0x00007ff9022b0000 - 0x00007ff9022eb000 	C:\WINDOWS\SYSTEM32\dbgcore.DLL
0x00007ff926480000 - 0x00007ff926525000 	C:\WINDOWS\System32\bcryptPrimitives.dll
0x00007ff8db870000 - 0x00007ff8db87f000 	c:\Users\Shivendra\.vscode\extensions\redhat.java-1.54.0-win32-x64\jre\21.0.10-win32-x86_64\bin\instrument.dll
0x00007ff8d9290000 - 0x00007ff8d92b0000 	c:\Users\Shivendra\.vscode\extensions\redhat.java-1.54.0-win32-x64\jre\21.0.10-win32-x86_64\bin\java.dll
0x00007ff928b50000 - 0x00007ff9292b7000 	C:\WINDOWS\System32\SHELL32.dll
0x00007ff9275c0000 - 0x00007ff92772a000 	C:\WINDOWS\System32\wintypes.dll
0x00007ff926770000 - 0x00007ff926fd8000 	C:\WINDOWS\System32\windows.storage.dll
0x00007ff929460000 - 0x00007ff929558000 	C:\WINDOWS\System32\SHCORE.dll
0x00007ff928880000 - 0x00007ff9288e6000 	C:\WINDOWS\System32\shlwapi.dll
0x00007ff926190000 - 0x00007ff9261b9000 	C:\WINDOWS\SYSTEM32\profapi.dll
0x00007ff8d9130000 - 0x00007ff8d9148000 	c:\Users\Shivendra\.vscode\extensions\redhat.java-1.54.0-win32-x64\jre\21.0.10-win32-x86_64\bin\zip.dll
0x00007ff8da3e0000 - 0x00007ff8da3f0000 	C:\Users\Shivendra\.vscode\extensions\redhat.java-1.54.0-win32-x64\jre\21.0.10-win32-x86_64\bin\net.dll
0x00007ff91cad0000 - 0x00007ff91cbfd000 	C:\WINDOWS\SYSTEM32\WINHTTP.dll
0x00007ff925570000 - 0x00007ff9255dc000 	C:\WINDOWS\system32\mswsock.dll
0x00007ff8cbf00000 - 0x00007ff8cbf16000 	C:\Users\Shivendra\.vscode\extensions\redhat.java-1.54.0-win32-x64\jre\21.0.10-win32-x86_64\bin\nio.dll
0x00007ff8da040000 - 0x00007ff8da050000 	c:\Users\Shivendra\.vscode\extensions\redhat.java-1.54.0-win32-x64\jre\21.0.10-win32-x86_64\bin\verify.dll
0x00007ff8d9410000 - 0x00007ff8d9455000 	C:\Users\Shivendra\AppData\Roaming\Code\User\globalStorage\redhat.java\1.54.0\config_win\org.eclipse.equinox.launcher\org.eclipse.equinox.launcher.win32.win32.x86_64_1.3.0.v20260203-2149\eclipse_11919.dll
0x00007ff9292c0000 - 0x00007ff929457000 	C:\WINDOWS\System32\ole32.dll
0x00007ff925860000 - 0x00007ff92587b000 	C:\WINDOWS\SYSTEM32\CRYPTSP.dll
0x00007ff924f60000 - 0x00007ff924f99000 	C:\WINDOWS\system32\rsaenh.dll
0x00007ff925620000 - 0x00007ff925653000 	C:\WINDOWS\SYSTEM32\USERENV.dll
0x00007ff926160000 - 0x00007ff92618a000 	C:\WINDOWS\SYSTEM32\bcrypt.dll
0x00007ff925850000 - 0x00007ff92585c000 	C:\WINDOWS\SYSTEM32\CRYPTBASE.dll
0x00007ff924a30000 - 0x00007ff924a62000 	C:\WINDOWS\SYSTEM32\IPHLPAPI.DLL
0x00007ff9296b0000 - 0x00007ff9296ba000 	C:\WINDOWS\System32\NSI.dll
0x00007ff8e59d0000 - 0x00007ff8e5a19000 	C:\Users\Shivendra\AppData\Local\Temp\jna--952685784\jna18089118859456460886.dll
0x00007ff9295a0000 - 0x00007ff9295a8000 	C:\WINDOWS\System32\PSAPI.DLL
0x00007ff91d610000 - 0x00007ff91d62d000 	C:\WINDOWS\SYSTEM32\dhcpcsvc6.DLL
0x00007ff91d5e0000 - 0x00007ff91d605000 	C:\WINDOWS\SYSTEM32\dhcpcsvc.DLL

JVMTI agents:
c:\Users\Shivendra\.vscode\extensions\redhat.java-1.54.0-win32-x64\lombok\lombok-1.18.39-4050.jar path:c:\Users\Shivendra\.vscode\extensions\redhat.java-1.54.0-win32-x64\jre\21.0.10-win32-x86_64\bin\instrument.dll, loaded, initialized, instrumentlib options:none

dbghelp: loaded successfully - version: 4.0.5 - missing functions: none
symbol engine: initialized successfully - sym options: 0x614 - pdb path: .;c:\Users\Shivendra\.vscode\extensions\redhat.java-1.54.0-win32-x64\jre\21.0.10-win32-x86_64\bin;C:\WINDOWS\SYSTEM32;C:\WINDOWS\WinSxS\amd64_microsoft.windows.common-controls_6595b64144ccf1df_6.0.26100.8115_none_3e075c82e3354f9c;c:\Users\Shivendra\.vscode\extensions\redhat.java-1.54.0-win32-x64\jre\21.0.10-win32-x86_64\bin\server;C:\Users\Shivendra\AppData\Roaming\Code\User\globalStorage\redhat.java\1.54.0\config_win\org.eclipse.equinox.launcher\org.eclipse.equinox.launcher.win32.win32.x86_64_1.3.0.v20260203-2149;C:\Users\Shivendra\AppData\Local\Temp\jna--952685784

VM Arguments:
jvm_args: --add-modules=ALL-SYSTEM --add-opens=java.base/java.util=ALL-UNNAMED --add-opens=java.base/java.lang=ALL-UNNAMED --add-opens=java.base/sun.nio.fs=ALL-UNNAMED -Declipse.application=org.eclipse.jdt.ls.core.id1 -Dosgi.bundles.defaultStartLevel=4 -Declipse.product=org.eclipse.jdt.ls.core.product -Djava.import.generatesMetadataFilesAtProjectRoot=false -DDetectVMInstallationsJob.disabled=true -Dfile.encoding=utf8 -XX:+UseParallelGC -XX:GCTimeRatio=4 -XX:AdaptiveSizePolicyWeight=90 -Dsun.zip.disableMemoryMapping=true -Xmx2G -Xms100m -Xlog:disable -javaagent:c:\Users\Shivendra\.vscode\extensions\redhat.java-1.54.0-win32-x64\lombok\lombok-1.18.39-4050.jar -XX:+HeapDumpOnOutOfMemoryError -XX:HeapDumpPath=c:\Users\Shivendra\AppData\Roaming\Code\User\workspaceStorage\7b66995e8a3121a2161bbb066cf00d65\redhat.java -Daether.dependencyCollector.impl=bf 
java_command: c:\Users\Shivendra\.vscode\extensions\redhat.java-1.54.0-win32-x64\server\plugins\org.eclipse.equinox.launcher_1.7.100.v20251111-0406.jar -configuration c:\Users\Shivendra\AppData\Roaming\Code\User\globalStorage\redhat.java\1.54.0\config_win -data c:\Users\Shivendra\AppData\Roaming\Code\User\workspaceStorage\7b66995e8a3121a2161bbb066cf00d65\redhat.java\jdt_ws --pipe=\\.\pipe\lsp-aeed20c307beeb958d7bc531de14d725-sock
java_class_path (initial): c:\Users\Shivendra\.vscode\extensions\redhat.java-1.54.0-win32-x64\server\plugins\org.eclipse.equinox.launcher_1.7.100.v20251111-0406.jar
Launcher Type: SUN_STANDARD

[Global flags]
    uintx AdaptiveSizePolicyWeight                 = 90                                        {product} {command line}
     intx CICompilerCount                          = 4                                         {product} {ergonomic}
    uintx GCTimeRatio                              = 4                                         {product} {command line}
     bool HeapDumpOnOutOfMemoryError               = true                                   {manageable} {command line}
    ccstr HeapDumpPath                             = c:\Users\Shivendra\AppData\Roaming\Code\User\workspaceStorage\7b66995e8a3121a2161bbb066cf00d65\redhat.java         {manageable} {command line}
   size_t InitialHeapSize                          = 104857600                                 {product} {command line}
   size_t MaxHeapSize                              = 2147483648                                {product} {command line}
   size_t MaxNewSize                               = 715653120                                 {product} {ergonomic}
   size_t MinHeapDeltaBytes                        = 524288                                    {product} {ergonomic}
   size_t MinHeapSize                              = 104857600                                 {product} {command line}
   size_t NewSize                                  = 34603008                                  {product} {ergonomic}
    uintx NonNMethodCodeHeapSize                   = 5839372                                {pd product} {ergonomic}
    uintx NonProfiledCodeHeapSize                  = 122909434                              {pd product} {ergonomic}
   size_t OldSize                                  = 70254592                                  {product} {ergonomic}
    uintx ProfiledCodeHeapSize                     = 122909434                              {pd product} {ergonomic}
    uintx ReservedCodeCacheSize                    = 251658240                              {pd product} {ergonomic}
     bool SegmentedCodeCache                       = true                                      {product} {ergonomic}
   size_t SoftMaxHeapSize                          = 2147483648                             {manageable} {ergonomic}
     bool UseCompressedOops                        = true                           {product lp64_product} {ergonomic}
     bool UseLargePagesIndividualAllocation        = false                                  {pd product} {ergonomic}
     bool UseParallelGC                            = true                                      {product} {command line}

Logging:
Log output configuration:
 #0: stdout all=off uptime,level,tags foldmultilines=false
 #1: stderr all=off uptime,level,tags foldmultilines=false

Release file:
JAVA_VERSION="21.0.10" 
MODULES="java.base java.compiler java.datatransfer java.xml java.prefs java.desktop java.instrument java.logging java.management java.security.sasl java.naming java.rmi java.management.rmi java.net.http java.scripting java.security.jgss java.transaction.xa java.sql java.sql.rowset java.xml.crypto java.se java.smartcardio jdk.accessibility jdk.internal.jvmstat jdk.attach jdk.charsets jdk.internal.opt jdk.zipfs jdk.compiler jdk.crypto.ec jdk.crypto.cryptoki jdk.crypto.mscapi jdk.dynalink jdk.internal.ed jdk.editpad jdk.hotspot.agent jdk.httpserver jdk.internal.le jdk.internal.vm.ci jdk.internal.vm.compiler jdk.internal.vm.compiler.management jdk.jartool jdk.javadoc jdk.jcmd jdk.management jdk.management.agent jdk.jconsole jdk.jdeps jdk.jdwp.agent jdk.jdi jdk.jfr jdk.jshell jdk.jsobject jdk.jstatd jdk.localedata jdk.management.jfr jdk.naming.dns jdk.naming.rmi jdk.net jdk.nio.mapmode jdk.random jdk.sctp jdk.security.auth jdk.security.jgss jdk.unsupported jdk.unsupported.desktop jdk.xml.dom" 

Environment Variables:
JAVA_HOME=C:\Program Files\Java\jdk-21
PATH=D:\python vs code\Microsoft VS Code;C:\Program Files\Common Files\Oracle\Java\javapath;C:\Program Files (x86)\Common Files\Oracle\Java\javapath;C:\WINDOWS\system32;C:\WINDOWS;C:\WINDOWS\System32\Wbem;C:\WINDOWS\System32\WindowsPowerShell\v1.0\;C:\WINDOWS\System32\OpenSSH\;C:\Program Files\dotnet\;C:\Program Files\nodejs;D:\nodejs\;C:\WINDOWS\system32;C:\WINDOWS;C:\WINDOWS\System32\Wbem;C:\WINDOWS\System32\WindowsPowerShell\v1.0\;C:\WINDOWS\System32\OpenSSH\;C:\Program Files\Cloudflare\Cloudflare WARP\;C:\Program Files\Java\jdk-21\bin;C:\Program Files\apache-maven-3.9.15\bin;E:\Program Files\Git\cmd;C:\Program Files\MySQL\MySQL Shell 8.0\bin\;C:\Users\Shivendra\AppData\Local\Programs\Python\Python312\Scripts\;C:\Users\Shivendra\AppData\Local\Programs\Python\Python312\;C:\Users\Shivendra\AppData\Local\Programs\Python\Launcher\;C:\Users\Shivendra\AppData\Local\Microsoft\WindowsApps;D:\python vs code\Microsoft VS Code\bin;C:\Users\Shivendra\AppData\Roaming\npm;C:\Users\Shivendra\AppData\Local\PowerToys\DSCModules\
USERNAME=Shivendra
OS=Windows_NT
PROCESSOR_IDENTIFIER=Intel64 Family 6 Model 154 Stepping 4, GenuineIntel
TMP=C:\Users\Shivendra\AppData\Local\Temp
TEMP=C:\Users\Shivendra\AppData\Local\Temp




Periodic native trim disabled

---------------  S Y S T E M  ---------------

OS:
 Windows 11 , 64 bit Build 26100 (10.0.26100.8246)
OS uptime: 3 days 9:02 hours
Hyper-V role detected

CPU: total 12 (initial active 12) (6 cores per cpu, 2 threads per core) family 6 model 154 stepping 4 microcode 0x437, cx8, cmov, fxsr, ht, mmx, 3dnowpref, sse, sse2, sse3, ssse3, sse4.1, sse4.2, popcnt, lzcnt, tsc, tscinvbit, avx, avx2, aes, erms, clmul, bmi1, bmi2, adx, sha, fma, vzeroupper, clflush, clflushopt, clwb, hv, serialize, rdtscp, rdpid, fsrm, f16c, cet_ibt, cet_ss
Processor Information for processor 0
  Max Mhz: 1300, Current Mhz: 1300, Mhz Limit: 1300
Processor Information for processor 1
  Max Mhz: 1300, Current Mhz: 1300, Mhz Limit: 1300
Processor Information for processor 2
  Max Mhz: 1300, Current Mhz: 1300, Mhz Limit: 1300
Processor Information for processor 3
  Max Mhz: 1300, Current Mhz: 1300, Mhz Limit: 1300
Processor Information for processor 4
  Max Mhz: 1300, Current Mhz: 900, Mhz Limit: 897
Processor Information for processor 5
  Max Mhz: 1300, Current Mhz: 900, Mhz Limit: 897
Processor Information for processor 6
  Max Mhz: 1300, Current Mhz: 900, Mhz Limit: 897
Processor Information for processor 7
  Max Mhz: 1300, Current Mhz: 900, Mhz Limit: 897
Processor Information for processor 8
  Max Mhz: 1300, Current Mhz: 900, Mhz Limit: 897
Processor Information for processor 9
  Max Mhz: 1300, Current Mhz: 900, Mhz Limit: 897
Processor Information for processor 10
  Max Mhz: 1300, Current Mhz: 900, Mhz Limit: 897
Processor Information for processor 11
  Max Mhz: 1300, Current Mhz: 900, Mhz Limit: 897

Memory: 4k page, system-wide physical 16055M (1893M free)
TotalPageFile size 24247M (AvailPageFile size 12M)
current process WorkingSet (physical memory assigned to process): 325M, peak: 325M
current process commit charge ("private bytes"): 405M, peak: 405M

vm_info: OpenJDK 64-Bit Server VM (21.0.10+7-LTS) for windows-amd64 JRE (21.0.10+7-LTS), built on 2026-01-20T00:00:00Z by "admin" with MS VC++ 17.12 (VS2022)

END.
